#
# A fatal error has been detected by the Java Runtime Environment:
#
#  SIGSEGV (0xb) at pc=0x00007f6fa6022ff6, pid=686, tid=888
#
# JRE version: OpenJDK Runtime Environment (11.0.4+11) (build 11.0.4+11-post-Ubuntu-1ubuntu218.04.3)
# Java VM: OpenJDK 64-Bit Server VM (11.0.4+11-post-Ubuntu-1ubuntu218.04.3, mixed mode, sharing, tiered, compressed oops, g1 gc, linux-amd64)
# Problematic frame:
# C  [libc.so.6+0x42ff6]
#
# Core dump will be written. Default location: core.686 (may not exist)
#
# If you would like to submit a bug report, please visit:
#   https://bugs.launchpad.net/ubuntu/+source/openjdk-lts
# The crash happened outside the Java Virtual Machine in native code.
# See problematic frame for where to report the bug.
#

---------------  S U M M A R Y ------------

Command Line: --add-modules=ALL-SYSTEM -Dosgi.instance.area.default=/home/geo/omnetpp-5.5.1/bin/../ide/../samples /home/geo/omnetpp-5.5.1/ide//plugins/org.eclipse.equinox.launcher_1.5.300.v20190213-1655.jar -os linux -ws gtk -arch x86_64 -showsplash -launcher /home/geo/omnetpp-5.5.1/ide/omnetpp -name OMNeT++ IDE --launcher.library /home/geo/omnetpp-5.5.1/ide//plugins/org.eclipse.equinox.launcher.gtk.linux.x86_64_1.1.1000.v20190125-2016/eclipse_1801.so -startup /home/geo/omnetpp-5.5.1/ide//plugins/org.eclipse.equinox.launcher_1.5.300.v20190213-1655.jar --launcher.appendVmargs -exitdata 0 -vm /usr/bin/java -vmargs --add-modules=ALL-SYSTEM -Dosgi.instance.area.default=/home/geo/omnetpp-5.5.1/bin/../ide/../samples -jar /home/geo/omnetpp-5.5.1/ide//plugins/org.eclipse.equinox.launcher_1.5.300.v20190213-1655.jar

Host: Intel(R) Core(TM) i5-9300H CPU @ 2.40GHz, 8 cores, 15G, 